{
  "RSpec": {
    "coverage": {
      "/home/teemulin/koulu/wadror/viikko3/app/models/rating.rb": [
        1,
        1,
        1,
        null,
        1,
        null,
        null,
        null,
        1,
        4,
        null,
        null
      ],
      "/home/teemulin/koulu/wadror/viikko3/app/helpers/application_helper.rb": [
        1,
        null
      ],
      "/home/teemulin/koulu/wadror/viikko3/app/helpers/beer_clubs_helper.rb": [
        1,
        null
      ],
      "/home/teemulin/koulu/wadror/viikko3/app/helpers/beers_helper.rb": [
        1,
        null
      ],
      "/home/teemulin/koulu/wadror/viikko3/app/helpers/breweries_helper.rb": [
        1,
        null
      ],
      "/home/teemulin/koulu/wadror/viikko3/app/helpers/memberships_helper.rb": [
        1,
        null
      ],
      "/home/teemulin/koulu/wadror/viikko3/app/helpers/users_helper.rb": [
        1,
        null
      ],
      "/home/teemulin/koulu/wadror/viikko3/app/models/beer.rb": [
        1,
        1,
        null,
        1,
        1,
        1,
        null,
        1,
        1,
        null,
        1,
        0,
        null,
        null
      ],
      "/home/teemulin/koulu/wadror/viikko3/app/models/concerns/rating_average.rb": [
        1,
        1,
        null,
        1,
        3,
        null,
        null
      ],
      "/home/teemulin/koulu/wadror/viikko3/app/models/user.rb": [
        1,
        1,
        null,
        1,
        null,
        1,
        1,
        1,
        1,
        null,
        1,
        null,
        null,
        1,
        null,
        1,
        null
      ],
      "/home/teemulin/koulu/wadror/viikko3/app/controllers/beers_controller.rb": [
        1,
        1,
        1,
        null,
        null,
        null,
        1,
        1,
        null,
        null,
        null,
        null,
        1,
        null,
        null,
        null,
        1,
        2,
        null,
        null,
        null,
        1,
        null,
        null,
        null,
        null,
        1,
        2,
        null,
        2,
        2,
        2,
        1,
        null,
        2,
        1,
        null,
        null,
        null,
        null,
        null,
        null,
        1,
        0,
        0,
        0,
        0,
        null,
        0,
        0,
        null,
        null,
        null,
        null,
        null,
        null,
        1,
        0,
        0,
        0,
        0,
        null,
        null,
        null,
        1,
        4,
        4,
        null,
        null,
        1,
        null,
        1,
        0,
        null,
        null,
        null,
        1,
        2,
        null,
        null
      ],
      "/home/teemulin/koulu/wadror/viikko3/app/controllers/application_controller.rb": [
        1,
        null,
        null,
        1,
        null,
        1,
        null,
        1,
        45,
        34,
        null,
        null
      ],
      "/home/teemulin/koulu/wadror/viikko3/app/models/brewery.rb": [
        1,
        1,
        null,
        1,
        1,
        9,
        null,
        1,
        1,
        null
      ],
      "/home/teemulin/koulu/wadror/viikko3/app/controllers/breweries_controller.rb": [
        1,
        1,
        1,
        null,
        null,
        null,
        1,
        3,
        null,
        null,
        null,
        null,
        1,
        null,
        null,
        null,
        1,
        0,
        null,
        null,
        null,
        1,
        null,
        null,
        null,
        null,
        1,
        0,
        null,
        0,
        0,
        0,
        0,
        null,
        0,
        0,
        null,
        null,
        null,
        null,
        null,
        null,
        1,
        0,
        0,
        0,
        0,
        null,
        0,
        0,
        null,
        null,
        null,
        null,
        null,
        null,
        1,
        0,
        0,
        0,
        0,
        null,
        null,
        null,
        1,
        null,
        1,
        0,
        null,
        0,
        0,
        null,
        null,
        null,
        null,
        1,
        1,
        null,
        null,
        null,
        1,
        0,
        null,
        null
      ],
      "/home/teemulin/koulu/wadror/viikko3/app/controllers/sessions_controller.rb": [
        1,
        1,
        null,
        null,
        null,
        1,
        4,
        4,
        4,
        4,
        null,
        0,
        null,
        null,
        null,
        1,
        null,
        0,
        null,
        0,
        null,
        null
      ],
      "/home/teemulin/koulu/wadror/viikko3/app/controllers/users_controller.rb": [
        1,
        1,
        null,
        null,
        null,
        1,
        0,
        null,
        null,
        null,
        null,
        1,
        null,
        null,
        null,
        1,
        0,
        null,
        null,
        null,
        1,
        null,
        null,
        null,
        null,
        1,
        0,
        null,
        0,
        0,
        0,
        0,
        null,
        0,
        0,
        null,
        null,
        null,
        null,
        null,
        null,
        1,
        0,
        0,
        0,
        0,
        null,
        0,
        0,
        null,
        null,
        null,
        null,
        null,
        null,
        1,
        0,
        0,
        0,
        null,
        0,
        0,
        0,
        null,
        null,
        null,
        1,
        null,
        1,
        7,
        null,
        null,
        null,
        1,
        0,
        null,
        null
      ],
      "/home/teemulin/koulu/wadror/viikko3/app/models/membership.rb": [
        1,
        1,
        1,
        null
      ],
      "/home/teemulin/koulu/wadror/viikko3/app/models/beer_club.rb": [
        1,
        1,
        1,
        null
      ],
      "/home/teemulin/koulu/wadror/viikko3/app/controllers/ratings_controller.rb": [
        1,
        1,
        1,
        null,
        null,
        1,
        0,
        0,
        null,
        null,
        1,
        0,
        null,
        0,
        0,
        0,
        null,
        0,
        0,
        null,
        null,
        null,
        1,
        1,
        1,
        1,
        null,
        null
      ]
    },
    "timestamp": 1423423150
  }
}
